I will sleep for 7 sec in task number: 15498
Sucessuly locked in task with id 15498
I will sleep for 0 sec in task number: 15496
I will sleep for 7 sec in task number: 15494
I will sleep for 2 sec in task number: 15492
I will sleep for 3 sec in task number: 15493
I will sleep for 6 sec in task number: 15495
I will sleep for 3 sec in task number: 15499
I will sleep for 7 sec in task number: 15497
pub articles vraci: 
 --- 
 Title: Spolecentstvo prstenu
 Author:J.R.R Tolkiem
 Description:Pokracovani hobita
 Content:Fantasy
 --- 

Sucessuly locked in task with id 15496
pub articles vraci: 
 --- 
 Title: Spolecentstvo prstenu
 Author:J.R.R Tolkiem
 Description:Pokracovani hobita
 Content:Fantasy
 --- 

Thread cislo 15498 skoncil


Thread cislo 15496 skoncil


I will sleep for 9 sec in task number: 15498
Sucessuly locked in task with id 15494
pub articles vraci: 
 --- 
 Title: Spolecentstvo prstenu
 Author:J.R.R Tolkiem
 Description:Pokracovani hobita
 Content:Fantasy
 --- 

Thread cislo 15494 skoncil


Sucessuly locked in task with id 15492
pub articles vraci: 
 --- 
 Title: Spolecentstvo prstenu
 Author:J.R.R Tolkiem
 Description:Pokracovani hobita
 Content:Fantasy
 --- 

Thread cislo 15492 skoncil


Sucessuly locked in task with id 15493
pub articles vraci: 
 --- 
 Title: Spolecentstvo prstenu
 Author:J.R.R Tolkiem
 Description:Pokracovani hobita
 Content:Fantasy
 --- 

Thread cislo 15493 skoncil


Sucessuly locked in task with id 15495
pub articles vraci: 
 --- 
 Title: Spolecentstvo prstenu
 Author:J.R.R Tolkiem
 Description:Pokracovani hobita
 Content:Fantasy
 --- 

Thread cislo 15495 skoncil


Sucessuly locked in task with id 15499
pub articles vraci: 
 --- 
 Title: Spolecentstvo prstenu
 Author:J.R.R Tolkiem
 Description:Pokracovani hobita
 Content:Fantasy
 --- 

Sucessuly locked in task with id 15497
pub articles vraci: 
 --- 
 Title: Spolecentstvo prstenu
 Author:J.R.R Tolkiem
 Description:Pokracovani hobita
 Content:Fantasy
 --- 

Thread cislo 15499 skoncil


Thread cislo 15497 skoncil


Sucessuly locked in task with id 15498
pub articles vraci: 
 --- 
 Title: Spolecentstvo prstenu
 Author:J.R.R Tolkiem
 Description:Pokracovani hobita
 Content:Fantasy
 --- 

Thread cislo 15498 skoncil


